[debug] [2018-10-10T08:56:29.812Z] ----------------------------------------------------------------------
[debug] [2018-10-10T08:56:29.814Z] Command:       C:\Program Files\nodejs\node.exe C:\Users\cyq22\AppData\Roaming\npm\node_modules\firebase-tools\bin\firebase serve
[debug] [2018-10-10T08:56:29.814Z] CLI Version:   5.0.1
[debug] [2018-10-10T08:56:29.814Z] Platform:      win32
[debug] [2018-10-10T08:56:29.814Z] Node Version:  v8.12.0
[debug] [2018-10-10T08:56:29.815Z] Time:          Wed Oct 10 2018 16:56:29 GMT+0800 (Malay Peninsula Standard Time)
[debug] [2018-10-10T08:56:29.815Z] ----------------------------------------------------------------------
[debug] 
[debug] [2018-10-10T08:56:29.839Z] > command requires scopes: ["email","openid","https://www.googleapis.com/auth/cloudplatformprojects.readonly","https://www.googleapis.com/auth/firebase","https://www.googleapis.com/auth/cloud-platform"]
[debug] [2018-10-10T08:56:29.840Z] > authorizing via signed-in user
[debug] [2018-10-10T08:56:29.840Z] [iam] checking project dp2passgroup for permissions ["firebase.projects.get"]
[debug] [2018-10-10T08:56:29.842Z] > refreshing access token with scopes: ["email","https://www.googleapis.com/auth/cloud-platform","https://www.googleapis.com/auth/cloudplatformprojects.readonly","https://www.googleapis.com/auth/firebase","openid"]
[debug] [2018-10-10T08:56:29.842Z] >>> HTTP REQUEST POST https://www.googleapis.com/oauth2/v3/token  
 <request body omitted>
[debug] [2018-10-10T08:56:30.063Z] <<< HTTP RESPONSE 200
[debug] [2018-10-10T08:56:30.068Z] >>> HTTP REQUEST POST https://cloudresourcemanager.googleapis.com/v1/projects/dp2passgroup:testIamPermissions  

[debug] [2018-10-10T08:56:31.356Z] <<< HTTP RESPONSE 200
[debug] [2018-10-10T08:56:31.357Z] >>> HTTP REQUEST GET https://cloudresourcemanager.googleapis.com/v1/projects/dp2passgroup  
 
[debug] [2018-10-10T08:56:32.612Z] <<< HTTP RESPONSE 200
[info] 
[info] === Serving from 'C:\Users\cyq22\Documents\GitHub\DP2PassGroup'...
[info] 
[debug] [2018-10-10T08:56:32.617Z] >>> HTTP REQUEST GET https://mobilesdk-pa.googleapis.com/v1/projects/1032158016281/clients/_:getWebAppConfig  
 
[debug] [2018-10-10T08:56:33.249Z] <<< HTTP RESPONSE 200
[info] i  hosting: Serving hosting files from: ./
[info] +  hosting: Local server: http://localhost:5000
